1 10 20
100 200 125
201 210 89
436809 436182 325
457 4492 238
997602 997822 321
12449 111001 354
650890 654190 385
900 1000 174
77257 98818 338
403140 405406 343
109567 21628 354
991201 990959 290
285142 285524 376
596345 596345 98
37241 2663 324
596315 596310 98
311 371 144
255114 258206 345
1 1 1
837 857 104
4500 71 238
71 4500 238
689 1657 182
19900 11776 279
48025 74497 340
250 6137 238
83259 102813 341
59037 27583 340
538272 539418 333
30757 4512 308
5246 3099 238
999168 999999 396
37472 42497 306
100898 107367 354
3319 2264 217
919454 919499 202
47655 2124 324
7203 78673 351
344 4686 238
3 4 8
1752 6915 262
238796 229887 443
929349 929040 339
711 1382 182
702910 704489 349
87262 60056 351
394132 400991 405
763 131 171
258 2106 182
195 2228 183
207779 208060 280
111031 6850 354
4148 3506 238
92485 83258 333
83258 92485 333
743706 745566 318
712559 705003 380
159488 161438 370
3506 4148 238
376832 378042 361
8 8 4
4 3 8
404559 406735 361
978 5502 238
819334 820631 450
783125 786280 375
5502 978 238
4 9 20
355577 341869 441
10 1 20
192814 201362 360
413053 416337 374
47733 27393 324
200 100 125
210 201 89
4492 457 238
1000 900 174
9 751 171
95440 823 351
823 95440 351
13296 105207 351
367599 366999 286
465 536 142
93503 79909 333
56251 74737 335
693217 690758 442
801283 802617 406
761803 759579 380
460256 464074 444
63912 1688 340
2780 8080 262
33018 23574 308
9 4 20
13150 61092 340
37472 42497 306
100401 27554 351
929641 932466 370
131 763 171
20676 31845 308